<?xml version="1.0" encoding="UTF-8"?>
<!-- Generated by org.testng.reporters.JUnitXMLReporter -->
<testsuite ignored="0" hostname="LAPTOP-7TSBCCPS" failures="1" tests="1" name="Edgebrow" time="12.317" errors="0" timestamp="2022-03-04T11:00:35 IST">
  <testcase classname="com.mystore.testcases.LoginPageTest" name="loginTest" time="1.848">
    <failure type="org.openqa.selenium.StaleElementReferenceException" message="stale element reference: element is not attached to the page document
  (Session info: MicrosoftEdge=98.0.1108.62)
For documentation on this error, please visit: https://selenium.dev/exceptions/#stale_element_reference
Build info: version: &amp;apos;4.1.0&amp;apos;, revision: &amp;apos;87802e897b&amp;apos;
System info: host: &amp;apos;LAPTOP-7TSBCCPS&amp;apos;, ip: &amp;apos;192.168.0.109&amp;apos;, os.name: &amp;apos;Windows 10&amp;apos;, os.arch: &amp;apos;amd64&amp;apos;, os.version: &amp;apos;10.0&amp;apos;, java.version: &amp;apos;16.0.2&amp;apos;
Driver info: org.openqa.selenium.edge.EdgeDriver
Command: [5303a8fe03402b2191fe2225e932dcb9, clickElement {id=fffe25e3-14d9-4cf1-9dcc-1873ab773633}]
Capabilities {acceptInsecureCerts: false, browserName: msedge, browserVersion: 98.0.1108.62, javascriptEnabled: true, ms:edgeOptions: {debuggerAddress: localhost:57554}, msedge: {msedgedriverVersion: 98.0.1108.62 (86b4ba0c0a320..., userDataDir: C:\Users\vcred\AppData\Loca...}, networkConnectionEnabled: false, pageLoadStrategy: normal, platform: WINDOWS, platformName: WINDOWS, proxy: Proxy(), se:cdp: ws://localhost:57554/devtoo..., se:cdpVersion: 98.0.1108.62, setWindowRect: true, strictFileInteractability: false, timeouts: {implicit: 0, pageLoad: 300000, script: 30000}, unhandledPromptBehavior: dismiss and notify, webauthn:extension:credBlob: true, webauthn:extension:largeBlob: true, webauthn:virtualAuthenticators: true}
Element: [[EdgeDriver: msedge on WINDOWS (5303a8fe03402b2191fe2225e932dcb9)] -&amp;gt; link text: Sign in]
Session ID: 5303a8fe03402b2191fe2225e932dcb9">
      <![CDATA[org.openqa.selenium.StaleElementReferenceException: stale element reference: element is not attached to the page document
  (Session info: MicrosoftEdge=98.0.1108.62)
For documentation on this error, please visit: https://selenium.dev/exceptions/#stale_element_reference
Build info: version: '4.1.0', revision: '87802e897b'
System info: host: 'LAPTOP-7TSBCCPS', ip: '192.168.0.109', os.name: 'Windows 10', os.arch: 'amd64', os.version: '10.0', java.version: '16.0.2'
Driver info: org.openqa.selenium.edge.EdgeDriver
Command: [5303a8fe03402b2191fe2225e932dcb9, clickElement {id=fffe25e3-14d9-4cf1-9dcc-1873ab773633}]
Capabilities {acceptInsecureCerts: false, browserName: msedge, browserVersion: 98.0.1108.62, javascriptEnabled: true, ms:edgeOptions: {debuggerAddress: localhost:57554}, msedge: {msedgedriverVersion: 98.0.1108.62 (86b4ba0c0a320..., userDataDir: C:\Users\vcred\AppData\Loca...}, networkConnectionEnabled: false, pageLoadStrategy: normal, platform: WINDOWS, platformName: WINDOWS, proxy: Proxy(), se:cdp: ws://localhost:57554/devtoo..., se:cdpVersion: 98.0.1108.62, setWindowRect: true, strictFileInteractability: false, timeouts: {implicit: 0, pageLoad: 300000, script: 30000}, unhandledPromptBehavior: dismiss and notify, webauthn:extension:credBlob: true, webauthn:extension:largeBlob: true, webauthn:virtualAuthenticators: true}
Element: [[EdgeDriver: msedge on WINDOWS (5303a8fe03402b2191fe2225e932dcb9)] -> link text: Sign in]
Session ID: 5303a8fe03402b2191fe2225e932dcb9
at org.openqa.selenium.remote.codec.w3c.W3CHttpResponseCodec.createException(W3CHttpResponseCodec.java:200)
at org.openqa.selenium.remote.codec.w3c.W3CHttpResponseCodec.decode(W3CHttpResponseCodec.java:133)
at org.openqa.selenium.remote.codec.w3c.W3CHttpResponseCodec.decode(W3CHttpResponseCodec.java:53)
at org.openqa.selenium.remote.HttpCommandExecutor.execute(HttpCommandExecutor.java:184)
at org.openqa.selenium.remote.service.DriverCommandExecutor.invokeExecute(DriverCommandExecutor.java:164)
at org.openqa.selenium.remote.service.DriverCommandExecutor.execute(DriverCommandExecutor.java:139)
at org.openqa.selenium.remote.RemoteWebDriver.execute(RemoteWebDriver.java:559)
at org.openqa.selenium.remote.RemoteWebElement.execute(RemoteWebElement.java:251)
at org.openqa.selenium.remote.RemoteWebElement.click(RemoteWebElement.java:77)
at org.openqa.selenium.support.pagefactory.internal.LocatingElementHandler.invoke(LocatingElementHandler.java:52)
at jdk.proxy2/jdk.proxy2.$Proxy20.click(Unknown Source)
at com.mystorepageobjects.IndexPage.clickOnSignInBtn(IndexPage.java:31)
at com.mystore.testcases.LoginPageTest.loginTest(LoginPageTest.java:36)
at java.base/java.util.ArrayList.forEach(ArrayList.java:1511)
at java.base/java.util.concurrent.FutureTask.run(FutureTask.java:264)
at java.base/java.util.concurrent.ThreadPoolExecutor.runWorker(ThreadPoolExecutor.java:1130)
at java.base/java.util.concurrent.ThreadPoolExecutor$Worker.run(ThreadPoolExecutor.java:630)
at java.base/java.lang.Thread.run(Thread.java:831)
... Removed 27 stack frames]]>
    </failure>
  </testcase> <!-- loginTest -->
</testsuite> <!-- Edgebrow -->
